{"/development/node/NodeJS/src/app.controller.ts": {"path":"/development/node/NodeJS/src/app.controller.ts","statementMap":{"0":{"start":{"line":1,"column":0},"end":{"line":1,"column":61}},"1":{"start":{"line":2,"column":0},"end":{"line":2,"column":42}},"2":{"start":{"line":14,"column":0},"end":{"line":28,"column":1}},"3":{"start":{"line":15,"column":31},"end":{"line":15,"column":53}},"4":{"start":{"line":18,"column":4},"end":{"line":18,"column":38}},"5":{"start":{"line":24,"column":2},"end":{"line":24,"column":62}},"6":{"start":{"line":17,"column":2},"end":{"line":19,"column":3}},"7":{"start":{"line":22,"column":0},"end":{"line":25,"column":1}},"8":{"start":{"line":14,"column":13},"end":{"line":28,"column":1}},"9":{"start":{"line":14,"column":13},"end":{"line":14,"column":26}}},"fnMap":{"0":{"name":"(anonymous_4)","decl":{"start":{"line":15,"column":2},"end":{"line":15,"column":30}},"loc":{"start":{"line":15,"column":53},"end":{"line":15,"column":57}}},"1":{"name":"(anonymous_5)","decl":{"start":{"line":17,"column":2},"end":{"line":17,"column":9}},"loc":{"start":{"line":17,"column":10},"end":{"line":19,"column":3}}},"2":{"name":"(anonymous_6)","decl":{"start":{"line":22,"column":0},"end":{"line":22,"column":3}},"loc":{"start":{"line":22,"column":15},"end":{"line":25,"column":1}}}},"branchMap":{},"s":{"0":1,"1":1,"2":1,"3":1,"4":1,"5":0,"6":1,"7":1,"8":1,"9":1},"f":{"0":1,"1":1,"2":0},"b":{}}
,"/development/node/NodeJS/src/app.service.ts": {"path":"/development/node/NodeJS/src/app.service.ts","statementMap":{"0":{"start":{"line":1,"column":0},"end":{"line":1,"column":43}},"1":{"start":{"line":4,"column":0},"end":{"line":8,"column":1}},"2":{"start":{"line":6,"column":4},"end":{"line":6,"column":31}},"3":{"start":{"line":4,"column":13},"end":{"line":8,"column":1}},"4":{"start":{"line":4,"column":13},"end":{"line":4,"column":23}}},"fnMap":{"0":{"name":"(anonymous_1)","decl":{"start":{"line":5,"column":2},"end":{"line":5,"column":9}},"loc":{"start":{"line":5,"column":10},"end":{"line":7,"column":3}}}},"branchMap":{},"s":{"0":1,"1":1,"2":1,"3":1,"4":1},"f":{"0":1},"b":{}}
,"/development/node/NodeJS/src/common/res.message.ts": {"path":"/development/node/NodeJS/src/common/res.message.ts","statementMap":{"0":{"start":{"line":1,"column":13},"end":{"line":28,"column":2}}},"fnMap":{},"branchMap":{},"s":{"0":1},"f":{},"b":{}}
,"/development/node/NodeJS/src/common/utility.ts": {"path":"/development/node/NodeJS/src/common/utility.ts","statementMap":{"0":{"start":{"line":2,"column":0},"end":{"line":14,"column":23}},"1":{"start":{"line":15,"column":0},"end":{"line":15,"column":100}},"2":{"start":{"line":16,"column":0},"end":{"line":16,"column":42}},"3":{"start":{"line":17,"column":0},"end":{"line":17,"column":52}},"4":{"start":{"line":18,"column":0},"end":{"line":18,"column":32}},"5":{"start":{"line":21,"column":0},"end":{"line":69,"column":1}},"6":{"start":{"line":23,"column":19},"end":{"line":23,"column":47}},"7":{"start":{"line":31,"column":3},"end":{"line":42,"column":3}},"8":{"start":{"line":31,"column":34},"end":{"line":42,"column":3}},"9":{"start":{"line":32,"column":7},"end":{"line":32,"column":25}},"10":{"start":{"line":33,"column":7},"end":{"line":33,"column":25}},"11":{"start":{"line":34,"column":19},"end":{"line":34,"column":39}},"12":{"start":{"line":35,"column":0},"end":{"line":40,"column":5}},"13":{"start":{"line":37,"column":8},"end":{"line":37,"column":66}},"14":{"start":{"line":39,"column":8},"end":{"line":39,"column":19}},"15":{"start":{"line":27,"column":17},"end":{"line":27,"column":76}},"16":{"start":{"line":28,"column":4},"end":{"line":28,"column":50}},"17":{"start":{"line":44,"column":17},"end":{"line":44,"column":73}},"18":{"start":{"line":45,"column":4},"end":{"line":45,"column":59}},"19":{"start":{"line":50,"column":6},"end":{"line":60,"column":23}},"20":{"start":{"line":64,"column":6},"end":{"line":66,"column":7}},"21":{"start":{"line":65,"column":10},"end":{"line":65,"column":50}},"22":{"start":{"line":21,"column":13},"end":{"line":69,"column":1}},"23":{"start":{"line":21,"column":13},"end":{"line":21,"column":20}}},"fnMap":{"0":{"name":"(anonymous_8)","decl":{"start":{"line":22,"column":9},"end":{"line":23,"column":18}},"loc":{"start":{"line":23,"column":47},"end":{"line":24,"column":8}}},"1":{"name":"(anonymous_9)","decl":{"start":{"line":31,"column":19},"end":{"line":31,"column":26}},"loc":{"start":{"line":31,"column":34},"end":{"line":42,"column":3}}},"2":{"name":"(anonymous_10)","decl":{"start":{"line":31,"column":34},"end":{"line":null,"column":-1}},"loc":{"start":{"line":31,"column":34},"end":{"line":42,"column":3}}},"3":{"name":"(anonymous_11)","decl":{"start":{"line":26,"column":2},"end":{"line":26,"column":9}},"loc":{"start":{"line":26,"column":29},"end":{"line":29,"column":3}}},"4":{"name":"(anonymous_12)","decl":{"start":{"line":43,"column":2},"end":{"line":43,"column":8}},"loc":{"start":{"line":43,"column":16},"end":{"line":46,"column":3}}},"5":{"name":"(anonymous_13)","decl":{"start":{"line":48,"column":2},"end":{"line":48,"column":9}},"loc":{"start":{"line":48,"column":29},"end":{"line":61,"column":3}}},"6":{"name":"(anonymous_14)","decl":{"start":{"line":59,"column":12},"end":{"line":59,"column":14}},"loc":{"start":{"line":59,"column":17},"end":{"line":59,"column":20}}},"7":{"name":"(anonymous_15)","decl":{"start":{"line":60,"column":13},"end":{"line":60,"column":15}},"loc":{"start":{"line":60,"column":18},"end":{"line":60,"column":21}}},"8":{"name":"(anonymous_16)","decl":{"start":{"line":63,"column":4},"end":{"line":63,"column":17}},"loc":{"start":{"line":63,"column":32},"end":{"line":67,"column":3}}}},"branchMap":{"0":{"loc":{"start":{"line":35,"column":0},"end":{"line":40,"column":5}},"type":"if","locations":[{"start":{"line":35,"column":0},"end":{"line":40,"column":5}},{"start":{"line":35,"column":0},"end":{"line":40,"column":5}}]},"1":{"loc":{"start":{"line":64,"column":6},"end":{"line":66,"column":7}},"type":"if","locations":[{"start":{"line":64,"column":6},"end":{"line":66,"column":7}},{"start":{"line":64,"column":6},"end":{"line":66,"column":7}}]}},"s":{"0":1,"1":1,"2":1,"3":1,"4":1,"5":1,"6":0,"7":0,"8":0,"9":0,"10":0,"11":0,"12":0,"13":0,"14":0,"15":0,"16":0,"17":0,"18":0,"19":0,"20":0,"21":0,"22":1,"23":1},"f":{"0":0,"1":0,"2":0,"3":0,"4":0,"5":0,"6":0,"7":0,"8":0},"b":{"0":[0,0],"1":[0,0]}}
,"/development/node/NodeJS/src/users/users.controller.ts": {"path":"/development/node/NodeJS/src/users/users.controller.ts","statementMap":{"0":{"start":{"line":1,"column":0},"end":{"line":12,"column":23}},"1":{"start":{"line":13,"column":0},"end":{"line":13,"column":72}},"2":{"start":{"line":14,"column":0},"end":{"line":14,"column":52}},"3":{"start":{"line":15,"column":0},"end":{"line":15,"column":52}},"4":{"start":{"line":16,"column":0},"end":{"line":16,"column":50}},"5":{"start":{"line":17,"column":0},"end":{"line":17,"column":61}},"6":{"start":{"line":18,"column":0},"end":{"line":18,"column":108}},"7":{"start":{"line":19,"column":0},"end":{"line":19,"column":46}},"8":{"start":{"line":20,"column":0},"end":{"line":20,"column":45}},"9":{"start":{"line":21,"column":0},"end":{"line":21,"column":52}},"10":{"start":{"line":23,"column":0},"end":{"line":23,"column":36}},"11":{"start":{"line":24,"column":0},"end":{"line":24,"column":32}},"12":{"start":{"line":25,"column":0},"end":{"line":25,"column":44}},"13":{"start":{"line":30,"column":0},"end":{"line":181,"column":1}},"14":{"start":{"line":32,"column":21},"end":{"line":32,"column":47}},"15":{"start":{"line":33,"column":21},"end":{"line":33,"column":37}},"16":{"start":{"line":43,"column":6},"end":{"line":51,"column":7}},"17":{"start":{"line":44,"column":6},"end":{"line":44,"column":51}},"18":{"start":{"line":45,"column":21},"end":{"line":45,"column":66}},"19":{"start":{"line":46,"column":18},"end":{"line":46,"column":69}},"20":{"start":{"line":47,"column":6},"end":{"line":47,"column":80}},"21":{"start":{"line":50,"column":6},"end":{"line":50,"column":41}},"22":{"start":{"line":60,"column":6},"end":{"line":70,"column":7}},"23":{"start":{"line":61,"column":21},"end":{"line":61,"column":66}},"24":{"start":{"line":62,"column":6},"end":{"line":62,"column":68}},"25":{"start":{"line":62,"column":28},"end":{"line":62,"column":66}},"26":{"start":{"line":63,"column":18},"end":{"line":63,"column":87}},"27":{"start":{"line":65,"column":6},"end":{"line":65,"column":78}},"28":{"start":{"line":69,"column":6},"end":{"line":69,"column":41}},"29":{"start":{"line":77,"column":6},"end":{"line":81,"column":7}},"30":{"start":{"line":78,"column":6},"end":{"line":78,"column":66}},"31":{"start":{"line":80,"column":6},"end":{"line":80,"column":41}},"32":{"start":{"line":90,"column":6},"end":{"line":96,"column":7}},"33":{"start":{"line":91,"column":6},"end":{"line":91,"column":81}},"34":{"start":{"line":92,"column":23},"end":{"line":92,"column":81}},"35":{"start":{"line":93,"column":6},"end":{"line":93,"column":70}},"36":{"start":{"line":95,"column":6},"end":{"line":95,"column":41}},"37":{"start":{"line":106,"column":6},"end":{"line":116,"column":7}},"38":{"start":{"line":108,"column":27},"end":{"line":108,"column":85}},"39":{"start":{"line":109,"column":10},"end":{"line":109,"column":57}},"40":{"start":{"line":110,"column":10},"end":{"line":110,"column":55}},"41":{"start":{"line":111,"column":10},"end":{"line":111,"column":47}},"42":{"start":{"line":112,"column":23},"end":{"line":112,"column":44}},"43":{"start":{"line":113,"column":6},"end":{"line":113,"column":70}},"44":{"start":{"line":115,"column":6},"end":{"line":115,"column":41}},"45":{"start":{"line":126,"column":6},"end":{"line":135,"column":7}},"46":{"start":{"line":128,"column":27},"end":{"line":128,"column":125}},"47":{"start":{"line":129,"column":10},"end":{"line":129,"column":81}},"48":{"start":{"line":129,"column":31},"end":{"line":129,"column":79}},"49":{"start":{"line":130,"column":10},"end":{"line":130,"column":61}},"50":{"start":{"line":131,"column":23},"end":{"line":131,"column":44}},"51":{"start":{"line":132,"column":6},"end":{"line":132,"column":70}},"52":{"start":{"line":134,"column":6},"end":{"line":134,"column":41}},"53":{"start":{"line":143,"column":6},"end":{"line":162,"column":7}},"54":{"start":{"line":144,"column":39},"end":{"line":144,"column":67}},"55":{"start":{"line":145,"column":10},"end":{"line":145,"column":65}},"56":{"start":{"line":146,"column":25},"end":{"line":146,"column":81}},"57":{"start":{"line":147,"column":10},"end":{"line":159,"column":11}},"58":{"start":{"line":148,"column":31},"end":{"line":148,"column":95}},"59":{"start":{"line":149,"column":14},"end":{"line":149,"column":82}},"60":{"start":{"line":150,"column":22},"end":{"line":150,"column":32}},"61":{"start":{"line":151,"column":14},"end":{"line":151,"column":45}},"62":{"start":{"line":152,"column":14},"end":{"line":152,"column":54}},"63":{"start":{"line":153,"column":14},"end":{"line":153,"column":36}},"64":{"start":{"line":154,"column":14},"end":{"line":154,"column":80}},"65":{"start":{"line":154,"column":35},"end":{"line":154,"column":78}},"66":{"start":{"line":155,"column":14},"end":{"line":155,"column":177}},"67":{"start":{"line":156,"column":14},"end":{"line":156,"column":104}},"68":{"start":{"line":158,"column":13},"end":{"line":158,"column":26}},"69":{"start":{"line":161,"column":6},"end":{"line":161,"column":41}},"70":{"start":{"line":170,"column":6},"end":{"line":178,"column":7}},"71":{"start":{"line":171,"column":27},"end":{"line":171,"column":161}},"72":{"start":{"line":172,"column":10},"end":{"line":172,"column":84}},"73":{"start":{"line":172,"column":31},"end":{"line":172,"column":82}},"74":{"start":{"line":173,"column":10},"end":{"line":173,"column":60}},"75":{"start":{"line":174,"column":10},"end":{"line":174,"column":32}},"76":{"start":{"line":175,"column":10},"end":{"line":175,"column":84}},"77":{"start":{"line":177,"column":6},"end":{"line":177,"column":41}},"78":{"start":{"line":39,"column":2},"end":{"line":52,"column":3}},"79":{"start":{"line":56,"column":2},"end":{"line":71,"column":3}},"80":{"start":{"line":74,"column":2},"end":{"line":82,"column":3}},"81":{"start":{"line":86,"column":2},"end":{"line":97,"column":3}},"82":{"start":{"line":101,"column":2},"end":{"line":117,"column":3}},"83":{"start":{"line":121,"column":2},"end":{"line":136,"column":3}},"84":{"start":{"line":139,"column":2},"end":{"line":163,"column":3}},"85":{"start":{"line":166,"column":2},"end":{"line":179,"column":3}},"86":{"start":{"line":30,"column":13},"end":{"line":181,"column":1}},"87":{"start":{"line":30,"column":13},"end":{"line":30,"column":28}}},"fnMap":{"0":{"name":"(anonymous_10)","decl":{"start":{"line":31,"column":4},"end":{"line":32,"column":20}},"loc":{"start":{"line":33,"column":37},"end":{"line":36,"column":3}}},"1":{"name":"(anonymous_11)","decl":{"start":{"line":39,"column":15},"end":{"line":39,"column":22}},"loc":{"start":{"line":41,"column":42},"end":{"line":52,"column":3}}},"2":{"name":"(anonymous_13)","decl":{"start":{"line":56,"column":15},"end":{"line":56,"column":19}},"loc":{"start":{"line":58,"column":40},"end":{"line":71,"column":3}}},"3":{"name":"(anonymous_15)","decl":{"start":{"line":74,"column":15},"end":{"line":74,"column":20}},"loc":{"start":{"line":75,"column":21},"end":{"line":82,"column":3}}},"4":{"name":"(anonymous_17)","decl":{"start":{"line":86,"column":15},"end":{"line":86,"column":18}},"loc":{"start":{"line":88,"column":20},"end":{"line":97,"column":3}}},"5":{"name":"(anonymous_19)","decl":{"start":{"line":101,"column":15},"end":{"line":101,"column":20}},"loc":{"start":{"line":104,"column":42},"end":{"line":117,"column":3}}},"6":{"name":"(anonymous_21)","decl":{"start":{"line":121,"column":15},"end":{"line":121,"column":28}},"loc":{"start":{"line":124,"column":50},"end":{"line":136,"column":3}}},"7":{"name":"(anonymous_23)","decl":{"start":{"line":139,"column":15},"end":{"line":139,"column":28}},"loc":{"start":{"line":141,"column":50},"end":{"line":163,"column":3}}},"8":{"name":"(anonymous_25)","decl":{"start":{"line":166,"column":15},"end":{"line":166,"column":27}},"loc":{"start":{"line":168,"column":60},"end":{"line":179,"column":3}}}},"branchMap":{"0":{"loc":{"start":{"line":62,"column":6},"end":{"line":62,"column":68}},"type":"if","locations":[{"start":{"line":62,"column":6},"end":{"line":62,"column":68}},{"start":{"line":62,"column":6},"end":{"line":62,"column":68}}]},"1":{"loc":{"start":{"line":129,"column":10},"end":{"line":129,"column":81}},"type":"if","locations":[{"start":{"line":129,"column":10},"end":{"line":129,"column":81}},{"start":{"line":129,"column":10},"end":{"line":129,"column":81}}]},"2":{"loc":{"start":{"line":147,"column":10},"end":{"line":159,"column":11}},"type":"if","locations":[{"start":{"line":147,"column":10},"end":{"line":159,"column":11}},{"start":{"line":147,"column":10},"end":{"line":159,"column":11}}]},"3":{"loc":{"start":{"line":154,"column":14},"end":{"line":154,"column":80}},"type":"if","locations":[{"start":{"line":154,"column":14},"end":{"line":154,"column":80}},{"start":{"line":154,"column":14},"end":{"line":154,"column":80}}]},"4":{"loc":{"start":{"line":172,"column":10},"end":{"line":172,"column":84}},"type":"if","locations":[{"start":{"line":172,"column":10},"end":{"line":172,"column":84}},{"start":{"line":172,"column":10},"end":{"line":172,"column":84}}]}},"s":{"0":1,"1":1,"2":1,"3":1,"4":1,"5":1,"6":1,"7":1,"8":1,"9":1,"10":1,"11":1,"12":1,"13":1,"14":0,"15":0,"16":0,"17":0,"18":0,"19":0,"20":0,"21":0,"22":0,"23":0,"24":0,"25":0,"26":0,"27":0,"28":0,"29":0,"30":0,"31":0,"32":0,"33":0,"34":0,"35":0,"36":0,"37":0,"38":0,"39":0,"40":0,"41":0,"42":0,"43":0,"44":0,"45":0,"46":0,"47":0,"48":0,"49":0,"50":0,"51":0,"52":0,"53":0,"54":0,"55":0,"56":0,"57":0,"58":0,"59":0,"60":0,"61":0,"62":0,"63":0,"64":0,"65":0,"66":0,"67":0,"68":0,"69":0,"70":0,"71":0,"72":0,"73":0,"74":0,"75":0,"76":0,"77":0,"78":1,"79":1,"80":1,"81":1,"82":1,"83":1,"84":1,"85":1,"86":1,"87":1},"f":{"0":0,"1":0,"2":0,"3":0,"4":0,"5":0,"6":0,"7":0,"8":0},"b":{"0":[0,0],"1":[0,0],"2":[0,0],"3":[0,0],"4":[0,0]}}
,"/development/node/NodeJS/src/users/users.service.ts": {"path":"/development/node/NodeJS/src/users/users.service.ts","statementMap":{"0":{"start":{"line":2,"column":0},"end":{"line":2,"column":43}},"1":{"start":{"line":3,"column":0},"end":{"line":3,"column":46}},"2":{"start":{"line":4,"column":0},"end":{"line":4,"column":31}},"3":{"start":{"line":11,"column":0},"end":{"line":50,"column":1}},"4":{"start":{"line":13,"column":42},"end":{"line":13,"column":78}},"5":{"start":{"line":16,"column":4},"end":{"line":16,"column":46}},"6":{"start":{"line":20,"column":4},"end":{"line":20,"column":56}},"7":{"start":{"line":24,"column":4},"end":{"line":24,"column":52}},"8":{"start":{"line":27,"column":24},"end":{"line":27,"column":57}},"9":{"start":{"line":28,"column":4},"end":{"line":28,"column":36}},"10":{"start":{"line":32,"column":17},"end":{"line":32,"column":57}},"11":{"start":{"line":34,"column":4},"end":{"line":36,"column":5}},"12":{"start":{"line":35,"column":6},"end":{"line":35,"column":30}},"13":{"start":{"line":38,"column":4},"end":{"line":38,"column":64}},"14":{"start":{"line":39,"column":4},"end":{"line":39,"column":52}},"15":{"start":{"line":42,"column":4},"end":{"line":48,"column":5}},"16":{"start":{"line":43,"column":6},"end":{"line":43,"column":56}},"17":{"start":{"line":44,"column":6},"end":{"line":44,"column":41}},"18":{"start":{"line":46,"column":6},"end":{"line":46,"column":17}},"19":{"start":{"line":47,"column":6},"end":{"line":47,"column":45}},"20":{"start":{"line":11,"column":13},"end":{"line":50,"column":1}},"21":{"start":{"line":11,"column":13},"end":{"line":11,"column":25}}},"fnMap":{"0":{"name":"(anonymous_10)","decl":{"start":{"line":12,"column":2},"end":{"line":13,"column":41}},"loc":{"start":{"line":13,"column":78},"end":{"line":14,"column":6}}},"1":{"name":"(anonymous_11)","decl":{"start":{"line":15,"column":8},"end":{"line":15,"column":14}},"loc":{"start":{"line":15,"column":15},"end":{"line":17,"column":3}}},"2":{"name":"(anonymous_13)","decl":{"start":{"line":19,"column":8},"end":{"line":19,"column":14}},"loc":{"start":{"line":19,"column":31},"end":{"line":21,"column":3}}},"3":{"name":"(anonymous_15)","decl":{"start":{"line":23,"column":8},"end":{"line":23,"column":15}},"loc":{"start":{"line":23,"column":27},"end":{"line":25,"column":3}}},"4":{"name":"(anonymous_17)","decl":{"start":{"line":26,"column":8},"end":{"line":26,"column":13}},"loc":{"start":{"line":26,"column":43},"end":{"line":29,"column":3}}},"5":{"name":"(anonymous_19)","decl":{"start":{"line":31,"column":8},"end":{"line":31,"column":13}},"loc":{"start":{"line":31,"column":42},"end":{"line":40,"column":3}}},"6":{"name":"(anonymous_21)","decl":{"start":{"line":41,"column":8},"end":{"line":41,"column":13}},"loc":{"start":{"line":41,"column":25},"end":{"line":49,"column":3}}}},"branchMap":{"0":{"loc":{"start":{"line":34,"column":4},"end":{"line":36,"column":5}},"type":"if","locations":[{"start":{"line":34,"column":4},"end":{"line":36,"column":5}},{"start":{"line":34,"column":4},"end":{"line":36,"column":5}}]}},"s":{"0":1,"1":1,"2":1,"3":1,"4":0,"5":0,"6":0,"7":0,"8":0,"9":0,"10":0,"11":0,"12":0,"13":0,"14":0,"15":0,"16":0,"17":0,"18":0,"19":0,"20":1,"21":1},"f":{"0":0,"1":0,"2":0,"3":0,"4":0,"5":0,"6":0},"b":{"0":[0,0]}}
,"/development/node/NodeJS/src/users/dto/change_password.dto.ts": {"path":"/development/node/NodeJS/src/users/dto/change_password.dto.ts","statementMap":{"0":{"start":{"line":1,"column":0},"end":{"line":1,"column":50}},"1":{"start":{"line":6,"column":2},"end":{"line":6,"column":32}},"2":{"start":{"line":9,"column":2},"end":{"line":9,"column":32}},"3":{"start":{"line":3,"column":0},"end":{"line":13,"column":1}}},"fnMap":{},"branchMap":{},"s":{"0":1,"1":1,"2":1,"3":1},"f":{},"b":{}}
,"/development/node/NodeJS/src/users/dto/createUser.dto.ts": {"path":"/development/node/NodeJS/src/users/dto/createUser.dto.ts","statementMap":{"0":{"start":{"line":1,"column":0},"end":{"line":1,"column":50}},"1":{"start":{"line":2,"column":0},"end":{"line":2,"column":47}},"2":{"start":{"line":7,"column":2},"end":{"line":7,"column":30}},"3":{"start":{"line":10,"column":2},"end":{"line":10,"column":29}},"4":{"start":{"line":13,"column":2},"end":{"line":13,"column":25}},"5":{"start":{"line":16,"column":2},"end":{"line":16,"column":28}},"6":{"start":{"line":19,"column":2},"end":{"line":19,"column":24}},"7":{"start":{"line":22,"column":2},"end":{"line":22,"column":26}},"8":{"start":{"line":4,"column":0},"end":{"line":23,"column":1}}},"fnMap":{},"branchMap":{},"s":{"0":1,"1":1,"2":1,"3":1,"4":1,"5":1,"6":1,"7":1,"8":1},"f":{},"b":{}}
,"/development/node/NodeJS/src/users/dto/forgetPassword.dto.ts": {"path":"/development/node/NodeJS/src/users/dto/forgetPassword.dto.ts","statementMap":{"0":{"start":{"line":1,"column":0},"end":{"line":1,"column":50}},"1":{"start":{"line":3,"column":0},"end":{"line":3,"column":100}},"2":{"start":{"line":8,"column":4},"end":{"line":8,"column":18}},"3":{"start":{"line":5,"column":0},"end":{"line":10,"column":1}},"4":{"start":{"line":14,"column":2},"end":{"line":14,"column":25}},"5":{"start":{"line":12,"column":0},"end":{"line":15,"column":1}},"6":{"start":{"line":19,"column":2},"end":{"line":19,"column":19}},"7":{"start":{"line":22,"column":2},"end":{"line":22,"column":25}},"8":{"start":{"line":17,"column":0},"end":{"line":23,"column":1}}},"fnMap":{},"branchMap":{},"s":{"0":1,"1":1,"2":1,"3":1,"4":1,"5":1,"6":1,"7":1,"8":1},"f":{},"b":{}}
,"/development/node/NodeJS/src/users/dto/loginUser.dto.ts": {"path":"/development/node/NodeJS/src/users/dto/loginUser.dto.ts","statementMap":{"0":{"start":{"line":1,"column":0},"end":{"line":1,"column":50}},"1":{"start":{"line":5,"column":2},"end":{"line":5,"column":25}},"2":{"start":{"line":8,"column":2},"end":{"line":8,"column":28}},"3":{"start":{"line":3,"column":0},"end":{"line":9,"column":1}}},"fnMap":{},"branchMap":{},"s":{"0":1,"1":1,"2":1,"3":1},"f":{},"b":{}}
,"/development/node/NodeJS/src/users/dto/updateUser.dto.ts": {"path":"/development/node/NodeJS/src/users/dto/updateUser.dto.ts","statementMap":{"0":{"start":{"line":1,"column":0},"end":{"line":1,"column":50}},"1":{"start":{"line":6,"column":2},"end":{"line":6,"column":30}},"2":{"start":{"line":9,"column":2},"end":{"line":9,"column":29}},"3":{"start":{"line":12,"column":2},"end":{"line":12,"column":25}},"4":{"start":{"line":3,"column":0},"end":{"line":14,"column":1}}},"fnMap":{},"branchMap":{},"s":{"0":1,"1":1,"2":1,"3":1,"4":1},"f":{},"b":{}}
,"/development/node/NodeJS/src/users/schemas/user.schema.ts": {"path":"/development/node/NodeJS/src/users/schemas/user.schema.ts","statementMap":{"0":{"start":{"line":1,"column":0},"end":{"line":1,"column":36}},"1":{"start":{"line":5,"column":0},"end":{"line":9,"column":1}},"2":{"start":{"line":6,"column":4},"end":{"line":6,"column":17}},"3":{"start":{"line":7,"column":4},"end":{"line":7,"column":19}},"4":{"start":{"line":8,"column":4},"end":{"line":8,"column":31}},"5":{"start":{"line":12,"column":20},"end":{"line":15,"column":1}},"6":{"start":{"line":13,"column":13},"end":{"line":13,"column":60}},"7":{"start":{"line":14,"column":4},"end":{"line":14,"column":25}},"8":{"start":{"line":17,"column":13},"end":{"line":34,"column":3}}},"fnMap":{"0":{"name":"(anonymous_0)","decl":{"start":{"line":5,"column":0},"end":{"line":5,"column":11}},"loc":{"start":{"line":5,"column":16},"end":{"line":9,"column":1}}},"1":{"name":"(anonymous_1)","decl":{"start":{"line":12,"column":20},"end":{"line":12,"column":28}},"loc":{"start":{"line":12,"column":34},"end":{"line":15,"column":1}}}},"branchMap":{"0":{"loc":{"start":{"line":5,"column":12},"end":{"line":5,"column":16}},"type":"binary-expr","locations":[{"start":{"line":5,"column":12},"end":{"line":5,"column":16}},{"start":{"line":5,"column":12},"end":{"line":5,"column":16}}]}},"s":{"0":1,"1":1,"2":1,"3":1,"4":1,"5":1,"6":0,"7":0,"8":1},"f":{"0":1,"1":0},"b":{"0":[1,1]}}
}
